proguard-project.txt
# To enable ProGuard in your project, edit project.properties
# to define the proguard.config property as described in that file.
#
# Add project specific ProGuard rules here.
# By default, the flags in this file are appended to flags specified
# in ${sdk.dir}/tools/proguard/proguard-android.txt
# You can edit the include path and order by changing the ProGuard
# include property in project.properties.
#
# For more details, see
#   http://developer.android.com/guide/developing/tools/proguard.html

# Add any project specific keep options here:

# If your project uses WebView with JS, uncomment the following
# and specify the fully qualified class name to the JavaScript interface
# class:
#-keepclassmembers class fqcn.of.javascript.interface.for.webview {
#   public *;
#}

-optimizationpasses 5 

-dontusemixedcaseclassnames 

-dontskipnonpubliclibraryclasses 

-dontpreverify 

-verbose 


-optimizations !code/simplification/arithmetic,!field/*,!class/merging/*  


-keep public class * extends android.app.Activity  

-keep public class * extends android.app.Application 

-keep public class * extends android.app.Service

-keep public class * extends android.content.BroadcastReceiver

-keep public class * extends android.content.ContentProvider

-keep public class * extends android.app.backup.BackupAgentHelper

-keep public class * extends android.preference.Preference

-keep public class com.android.vending.licensing.ILicensingService


-keepclasseswithmembernames class * {

    native <methods>;  

}


-keepclasseswithmembers class * {

    public <init>(android.content.Context, android.util.AttributeSet);


}


-keepclasseswithmembers class * {

    public <init>(android.content.Context, android.util.AttributeSet, int);

}


-keepclassmembers class * extends android.app.Activity {

   public void *(android.view.View);

}


-keepclassmembers enum * {  

    public static **[] values();

    public static ** valueOf(java.lang.String);

}


-keep class * implements android.os.Parcelable {   

  public static final android.os.Parcelable$Creator *;

}

-libraryjars   libs/android-support-v4.jar
-dontwarn android.support.v4.**  
-keep class android.support.v4.** { *; }
-keep interface android.support.v4.app.** { *; }
-keep public class * extends android.support.v4.**
-keep public class * extends android.app.Fragment

-libraryjars  libs/jsoup-1.7.2.jar
-keep class org.** {*;} 
-keep class  org.jsoup.** { *; }
-keep interface org.jsoup.** { *; }
-keep interface org.** {*;}

-libraryjars  libs/Baidu-SocialShare-SDK-Android-L3-1.4.1.jar
-keep class com.baidu.sharesdk.** {*;} 
-keep class  com.baidu.sharesdk.** { *; }
-keep interface com.baidu.sharesdk.** { *; }
-keep interface com.baidu.sharesdk.** {*;}
-keep class  com.sina.sso.** { *; }
-keep interface  com.sina.sso.** { *; }

-libraryjars  libs/libammsdk.jar
-keep class com.tencent.mm.algorithm.** {*;} 
-keep class com.tencent.mm.sdk.** { *; }
-keep interface com.tencent.mm.algorithm.** { *; }
-keep interface com.tencent.mm.sdk.** {*;}

-libraryjars  libs/jpush-sdk-release1.4.2.jar
-dontwarn cn.jpush.**
-keep class cn.jpush.** { *; }


-keep public class com.meizhuo.etips.activities.R$*{
    public static final int *;
}
-keep public class com.feedback.ui.ThreadView {
}

-keepclassmembers class * {
   public <init>(org.json.JSONObject);
}