proguard/seeds.txt
com.meizhuo.etips.activities.AboutActivity
com.meizhuo.etips.activities.AboutActivity: AboutActivity()
com.meizhuo.etips.activities.BaseUIActivity
com.meizhuo.etips.activities.BaseUIActivity: BaseUIActivity()
com.meizhuo.etips.activities.CourseDetailActivity
com.meizhuo.etips.activities.CourseDetailActivity: CourseDetailActivity()
com.meizhuo.etips.activities.CourseMainActivity
com.meizhuo.etips.activities.CourseMainActivity: CourseMainActivity()
com.meizhuo.etips.activities.CourseSettingActivity
com.meizhuo.etips.activities.CourseSettingActivity: CourseSettingActivity()
com.meizhuo.etips.activities.CourseSettingActivity: void onClick(android.view.View)
com.meizhuo.etips.activities.ETipsApplication
com.meizhuo.etips.activities.ETipsApplication: ETipsApplication()
com.meizhuo.etips.activities.ETipsMainActivity
com.meizhuo.etips.activities.ETipsMainActivity: ETipsMainActivity()
com.meizhuo.etips.activities.ETipsMainActivity: void onClick(android.view.View)
com.meizhuo.etips.activities.ETipsMainSettingActivity
com.meizhuo.etips.activities.ETipsMainSettingActivity: ETipsMainSettingActivity()
com.meizhuo.etips.activities.ETipsMainSettingActivity: void onClick(android.view.View)
com.meizhuo.etips.activities.ETipsStartActivity
com.meizhuo.etips.activities.ETipsStartActivity: ETipsStartActivity()
com.meizhuo.etips.activities.LibBookDetailActivity
com.meizhuo.etips.activities.LibBookDetailActivity: LibBookDetailActivity()
com.meizhuo.etips.activities.LibLoginActivity
com.meizhuo.etips.activities.LibLoginActivity: LibLoginActivity()
com.meizhuo.etips.activities.LibSearchResultActivity
com.meizhuo.etips.activities.LibSearchResultActivity: LibSearchResultActivity()
com.meizhuo.etips.activities.LibUserInfoActivity
com.meizhuo.etips.activities.LibUserInfoActivity: LibUserInfoActivity()
com.meizhuo.etips.activities.LibraryMainActivity
com.meizhuo.etips.activities.LibraryMainActivity: LibraryMainActivity()
com.meizhuo.etips.activities.LifeElectricityActivity
com.meizhuo.etips.activities.LifeElectricityActivity: LifeElectricityActivity()
com.meizhuo.etips.activities.ManualDetailActivity
com.meizhuo.etips.activities.ManualDetailActivity: ManualDetailActivity()
com.meizhuo.etips.activities.ManualMainActivity
com.meizhuo.etips.activities.ManualMainActivity: ManualMainActivity()
com.meizhuo.etips.activities.MsgCenterActivity
com.meizhuo.etips.activities.MsgCenterActivity: MsgCenterActivity()
com.meizhuo.etips.activities.R$anim
com.meizhuo.etips.activities.R$anim: int alpha
com.meizhuo.etips.activities.R$anim: int layout_listview_top_to_bottom_alpha
com.meizhuo.etips.activities.R$anim: int popup_up_in
com.meizhuo.etips.activities.R$anim: int popup_up_out
com.meizhuo.etips.activities.R$anim: int push_left_in
com.meizhuo.etips.activities.R$anim: int push_left_out
com.meizhuo.etips.activities.R$anim: int push_right_in
com.meizhuo.etips.activities.R$anim: int push_right_out
com.meizhuo.etips.activities.R$anim: int scal_alpha
com.meizhuo.etips.activities.R$anim: int slide_right_alpha
com.meizhuo.etips.activities.R$anim: int zoom_in
com.meizhuo.etips.activities.R$anim: int zoom_out
com.meizhuo.etips.activities.R$array
com.meizhuo.etips.activities.R$array: int GridViewNames
com.meizhuo.etips.activities.R$array: int SharedPreference
com.meizhuo.etips.activities.R$array: int course_time_end
com.meizhuo.etips.activities.R$array: int course_time_start
com.meizhuo.etips.activities.R$array: int manual_contnet_list
com.meizhuo.etips.activities.R$attr
com.meizhuo.etips.activities.R$color
com.meizhuo.etips.activities.R$color: int black
com.meizhuo.etips.activities.R$color: int blue
com.meizhuo.etips.activities.R$color: int grey
com.meizhuo.etips.activities.R$color: int light_white
com.meizhuo.etips.activities.R$color: int lightblue
com.meizhuo.etips.activities.R$color: int lucency_white
com.meizhuo.etips.activities.R$color: int red
com.meizhuo.etips.activities.R$color: int week_course_course_green
com.meizhuo.etips.activities.R$color: int white
...
com.tencent.mm.sdk.platformtools.CharSequences$2
com.tencent.mm.sdk.platformtools.CharSequences$2: byte[] U
com.tencent.mm.sdk.platformtools.CharSequences$2: int V
com.tencent.mm.sdk.platformtools.CharSequences$2: int W
com.tencent.mm.sdk.platformtools.CharSequences$2: CharSequences$2(byte[],int,int)
com.tencent.mm.sdk.platformtools.CharSequences$2: char charAt(int)
com.tencent.mm.sdk.platformtools.CharSequences$2: int length()
com.tencent.mm.sdk.platformtools.CharSequences$2: java.lang.CharSequence subSequence(int,int)
com.tencent.mm.sdk.platformtools.CharSequences$2: java.lang.String toString()
com.tencent.mm.sdk.platformtools.InetUtil
com.tencent.mm.sdk.platformtools.InetUtil: java.util.regex.Pattern X
com.tencent.mm.sdk.platformtools.InetUtil: java.util.regex.Pattern Y
com.tencent.mm.sdk.platformtools.InetUtil: java.util.regex.Pattern Z
com.tencent.mm.sdk.platformtools.InetUtil: InetUtil()
com.tencent.mm.sdk.platformtools.InetUtil: boolean isIPv4Address(java.lang.String)
com.tencent.mm.sdk.platformtools.InetUtil: boolean isIPv6StdAddress(java.lang.String)
com.tencent.mm.sdk.platformtools.InetUtil: boolean isIPv6HexCompressedAddress(java.lang.String)
com.tencent.mm.sdk.platformtools.InetUtil: boolean isIPv6Address(java.lang.String)
com.tencent.mm.sdk.platformtools.InetUtil: java.net.InetAddress getByDottedAddress(java.lang.String)
com.tencent.mm.sdk.platformtools.InetUtil: void <clinit>()
com.tencent.mm.sdk.platformtools.KVConfig
com.tencent.mm.sdk.platformtools.KVConfig: boolean aa
com.tencent.mm.sdk.platformtools.KVConfig: KVConfig()
com.tencent.mm.sdk.platformtools.KVConfig: java.util.Map parseIni(java.lang.String)
com.tencent.mm.sdk.platformtools.KVConfig: java.util.Map parseXml(java.lang.String,java.lang.String,java.lang.String)
com.tencent.mm.sdk.platformtools.KVConfig: void a(java.util.Map,java.lang.String,org.w3c.dom.Node,int)
com.tencent.mm.sdk.platformtools.KVConfig: void a(java.util.Map)
com.tencent.mm.sdk.platformtools.KVConfig: void <clinit>()
com.tencent.mm.sdk.platformtools.LBSManager
com.tencent.mm.sdk.platformtools.LBSManager: java.lang.String FILTER_GPS
com.tencent.mm.sdk.platformtools.LBSManager: float INVALID_LAT
com.tencent.mm.sdk.platformtools.LBSManager: float INVALID_LNG
com.tencent.mm.sdk.platformtools.LBSManager: int INVALID_ACC
com.tencent.mm.sdk.platformtools.LBSManager: int MM_SOURCE_HARDWARE
com.tencent.mm.sdk.platformtools.LBSManager: int MM_SOURCE_NET
com.tencent.mm.sdk.platformtools.LBSManager: int MM_SOURCE_REPORT_HARWARE
com.tencent.mm.sdk.platformtools.LBSManager: int MM_SOURCE_REPORT_NETWORK
com.tencent.mm.sdk.platformtools.LBSManager: com.tencent.mm.sdk.platformtools.LBSManager$LocationCache ab
com.tencent.mm.sdk.platformtools.LBSManager: com.tencent.mm.sdk.platformtools.LBSManager$OnLocationGotListener ac
com.tencent.mm.sdk.platformtools.LBSManager: android.location.LocationManager ad
com.tencent.mm.sdk.platformtools.LBSManager: android.content.Context R
com.tencent.mm.sdk.platformtools.LBSManager: android.app.PendingIntent ae
com.tencent.mm.sdk.platformtools.LBSManager: boolean af
com.tencent.mm.sdk.platformtools.LBSManager: boolean ag
com.tencent.mm.sdk.platformtools.LBSManager: boolean ah
com.tencent.mm.sdk.platformtools.LBSManager: boolean ai
com.tencent.mm.sdk.platformtools.LBSManager: int aj
com.tencent.mm.sdk.platformtools.LBSManager: com.tencent.mm.sdk.platformtools.MTimerHandler ak
com.tencent.mm.sdk.platformtools.LBSManager$1
com.tencent.mm.sdk.platformtools.LBSManager$1: com.tencent.mm.sdk.platformtools.LBSManager al
com.tencent.mm.sdk.platformtools.LBSManager$1: LBSManager$1(com.tencent.mm.sdk.platformtools.LBSManager)
com.tencent.mm.sdk.platformtools.LBSManager$1: boolean onTimerExpired()