proguard/mapping.txt
com.meizhuo.etips.activities.AboutActivity -> com.meizhuo.etips.activities.AboutActivity:
    android.widget.Button backBtn -> a
    void onCreate(android.os.Bundle) -> onCreate
com.meizhuo.etips.activities.AboutActivity$1 -> com.meizhuo.etips.activities.a:
    com.meizhuo.etips.activities.AboutActivity this$0 -> a
    void onClick(android.view.View) -> onClick
com.meizhuo.etips.activities.BaseUIActivity -> com.meizhuo.etips.activities.BaseUIActivity:
    void onPause() -> onPause
    void onResume() -> onResume
    void openActivity(java.lang.Class) -> a
    void openActicity(android.content.Intent) -> a
    void toast(java.lang.String) -> a
    android.view.View _getView(int) -> a
com.meizhuo.etips.activities.CourseDetailActivity -> com.meizhuo.etips.activities.CourseDetailActivity:
    com.meizhuo.etips.activities.ETipsApplication App -> a
    com.meizhuo.etips.model.Lesson lesson -> b
    android.widget.EditText et_lesson -> c
    android.widget.EditText et_time -> d
    android.widget.EditText et_address -> e
    android.widget.EditText et_teacher -> f
    android.widget.TextView tv_lesson -> g
    android.widget.TextView tv_time -> h
    android.widget.TextView tv_address -> i
    android.widget.TextView tv_teacher -> j
    android.widget.TextView tv_title -> k
    android.widget.TextView tv_tips -> l
    android.widget.Button backBtn -> m
    android.widget.Button settingBtn -> n
    android.widget.Button okBtn -> o
    android.widget.Button cancleBtn -> p
    void onCreate(android.os.Bundle) -> onCreate
    void initLayout() -> a
    void initData() -> b
    void change2edit() -> c
    void change2nomal() -> d
    void access$0(com.meizhuo.etips.activities.CourseDetailActivity) -> a
    void access$1(com.meizhuo.etips.activities.CourseDetailActivity) -> b
    android.widget.TextView access$2(com.meizhuo.etips.activities.CourseDetailActivity) -> c
    com.meizhuo.etips.model.Lesson access$3(com.meizhuo.etips.activities.CourseDetailActivity) -> d
    android.widget.TextView access$4(com.meizhuo.etips.activities.CourseDetailActivity) -> e
    android.widget.TextView access$5(com.meizhuo.etips.activities.CourseDetailActivity) -> f
com.meizhuo.etips.activities.CourseDetailActivity$1 -> com.meizhuo.etips.activities.b:
    com.meizhuo.etips.activities.CourseDetailActivity this$0 -> a
    void onClick(android.view.View) -> onClick
com.meizhuo.etips.activities.CourseDetailActivity$2 -> com.meizhuo.etips.activities.c:
    com.meizhuo.etips.activities.CourseDetailActivity this$0 -> a
    void onClick(android.view.View) -> onClick
com.meizhuo.etips.activities.CourseDetailActivity$3 -> com.meizhuo.etips.activities.d:
    com.meizhuo.etips.activities.CourseDetailActivity this$0 -> a
    void onClick(android.view.View) -> onClick
com.meizhuo.etips.activities.CourseDetailActivity$4 -> com.meizhuo.etips.activities.e:
    com.meizhuo.etips.activities.CourseDetailActivity this$0 -> a
    void onClick(android.view.View) -> onClick
    com.meizhuo.etips.activities.CourseDetailActivity access$0(com.meizhuo.etips.activities.CourseDetailActivity$4) -> a
com.meizhuo.etips.activities.CourseDetailActivity$4$1 -> com.meizhuo.etips.activities.f:
    com.meizhuo.etips.activities.CourseDetailActivity$4 this$1 -> a
    void handleMessage(android.os.Message) -> handleMessage
com.meizhuo.etips.activities.CourseDetailActivity$4$2 -> com.meizhuo.etips.activities.g:
    com.meizhuo.etips.activities.CourseDetailActivity$4 this$1 -> a
    android.os.Handler val$handler -> b
    void run() -> run
...
com.baidu.sharesdk.BaiduCommonProgressDialog -> com.baidu.sharesdk.BaiduCommonProgressDialog:
    com.baidu.sharesdk.BaiduCommonProgressDialog$WaitingProgressDialog mProgressDialog -> mProgressDialog
    void startShowingProgress() -> startShowingProgress
    void stopShowingProgress() -> stopShowingProgress
    void init(android.content.Context) -> init
    void dismissDialog() -> dismissDialog
    void onStop() -> onStop
    void access$000(com.baidu.sharesdk.BaiduCommonProgressDialog) -> access$000
com.baidu.sharesdk.BaiduCommonProgressDialog$WaitingProgressDialog -> com.baidu.sharesdk.BaiduCommonProgressDialog$WaitingProgressDialog:
    com.baidu.sharesdk.BaiduCommonProgressDialog this$0 -> this$0
    boolean onKeyUp(int,android.view.KeyEvent) -> onKeyUp
com.baidu.sharesdk.BaiduShareException -> com.baidu.sharesdk.BaiduShareException:
    long serialVersionUID -> serialVersionUID
    int errorCode -> errorCode
    int getErrorCode() -> getErrorCode
    java.lang.String toString() -> toString
com.baidu.sharesdk.BaiduSocialShare -> com.baidu.sharesdk.BaiduSocialShare:
    com.baidu.sharesdk.BaiduSocialShare mShareInstance -> mShareInstance
    java.lang.String app_key -> app_key
    com.baidu.sharesdk.AccessTokenHelper tokenHelper -> tokenHelper
    java.lang.String wxAppId -> wxAppId
    android.content.Context contextHolder -> contextHolder
    long SESSION_KEEP_TIME -> SESSION_KEEP_TIME
    long MAXMIUM_UPLOAD_FILE_SIZE -> MAXMIUM_UPLOAD_FILE_SIZE
    java.util.ArrayList temFileName -> temFileName
    java.util.concurrent.Executor pool -> pool
    com.baidu.sharesdk.BaiduSocialShare getInstance(android.content.Context,java.lang.String) -> getInstance
    void supportWeixin(java.lang.String) -> supportWeixin
    void supportWeiBoSso(java.lang.String) -> supportWeiBoSso
    void supportQQSso(java.lang.String) -> supportQQSso
    com.baidu.sharesdk.weixin.WXSendReq getWXInstance(android.content.Context,java.lang.String,java.lang.String,boolean) -> getWXInstance
    com.baidu.sharesdk.ui.BaiduSocialShareUserInterface getSocialShareUserInterfaceInstance() -> getSocialShareUserInterfaceInstance
    java.lang.String getAccessToken(java.lang.String) -> getAccessToken
    boolean isAccessTokenValid(java.lang.String) -> isAccessTokenValid
    void cleanAccessToken(java.lang.String) -> cleanAccessToken
    void cleanAllAccessToken() -> cleanAllAccessToken
    void authorize(android.app.Activity,java.lang.String,com.baidu.sharesdk.ShareListener) -> authorize
com.baidu.sharesdk.BaiduSocialShare$1 -> com.baidu.sharesdk.BaiduSocialShare$1:
    com.baidu.sharesdk.ShareListener val$listener -> val$listener
    com.baidu.sharesdk.ShareContent val$content -> val$content
    java.lang.String val$shareType -> val$shareType
    com.baidu.sharesdk.BaiduSocialShare this$0 -> this$0
    void onAuthComplete(android.os.Bundle) -> onAuthComplete
    void onApiComplete(java.lang.String) -> onApiComplete
    void onError(com.baidu.sharesdk.BaiduShareException) -> onError
com.baidu.sharesdk.BaiduSocialShare$2 -> com.baidu.sharesdk.BaiduSocialShare$2:
    android.app.Dialog val$dialog -> val$dialog
    com.baidu.sharesdk.BaiduSocialShare this$0 -> this$0
    void run() -> run
com.baidu.sharesdk.BaiduSocialShare$3 -> com.baidu.sharesdk.BaiduSocialShare$3:
    android.content.Context val$mContext -> val$mContext
    java.lang.String[] val$shareTypeList -> val$shareTypeList
    com.baidu.sharesdk.ShareContent val$content -> val$content
    com.baidu.sharesdk.ShareListener val$listener -> val$listener
    com.baidu.sharesdk.BaiduSocialShare this$0 -> this$0
    void run() -> run