proguard/usage.txt
com.meizhuo.etips.activities.AboutActivity:
    28:28:protected void initLayout()
    32:32:protected void initData()
com.meizhuo.etips.activities.BaseUIActivity:
    protected abstract void initLayout()
    protected abstract void initData()
com.meizhuo.etips.activities.BuildConfig
com.meizhuo.etips.activities.ETipsApplication:
    82:82:public java.lang.Object getObject()
com.meizhuo.etips.activities.Manifest
com.meizhuo.etips.activities.Manifest$permission
com.meizhuo.etips.activities.R:
    10:10:public R()
...
com.umeng.analytics.a.f:
    104:107:public f(java.lang.String,java.lang.String)
    111:127:private void c(org.json.JSONObject)
    130:145:private void d(org.json.JSONObject)
    148:151:private void e(org.json.JSONObject)
    154:156:private void f(org.json.JSONObject)
    159:162:private void g(org.json.JSONObject)
    165:168:private void h(org.json.JSONObject)
    171:173:private void i(org.json.JSONObject)
    177:187:public void a(org.json.JSONObject)
com.umeng.analytics.a.g:
    public abstract void a(org.json.JSONObject)
com.umeng.analytics.a.h:
    25:26:public void a(com.umeng.analytics.a.o)
    68:76:public org.json.JSONObject b()
com.umeng.analytics.a.i:
    62:74:public void a(java.lang.String,com.umeng.analytics.a.a)
com.umeng.analytics.a.l:
    public static final java.lang.String f
    18:19:public void a(java.lang.String)
com.umeng.analytics.a.m:
    private static final java.lang.String k
    private static final java.lang.String l
    private static final java.lang.String m
com.umeng.analytics.a.o:
    public static final java.lang.String d
    public static final java.lang.String e
    public static final java.lang.String f
    private static final java.lang.String g
com.umeng.analytics.a.p:
    private static final java.lang.String c
    private static final java.lang.String d
com.umeng.analytics.b:
    51:51:void a()
    55:55:void b()
    58:60:void a(java.lang.String,java.lang.String)
    81:94:void a(android.content.Context,java.lang.String)
    97:104:void a(android.content.Context,java.lang.Throwable)
    166:170:void c(android.content.Context)
    174:195:void a(android.content.Context,java.lang.String,java.lang.String,long,int)
    199:221:void a(android.content.Context,java.lang.String,java.util.HashMap,long)
    345:355:private void d(android.content.Context,java.lang.String)
    358:376:private int e(android.content.Context,java.lang.String)
    380:386:void b(android.content.Context,java.lang.String)
    389:400:void c(android.content.Context,java.lang.String)
    403:408:void a(android.content.Context,java.lang.String,java.lang.String)
    411:421:void b(android.content.Context,java.lang.String,java.lang.String)
    430:449:void a(android.content.Context,java.lang.String,java.util.HashMap,java.lang.String)
    452:467:void c(android.content.Context,java.lang.String,java.lang.String)
    477:487:boolean a(java.lang.String,int)
    491:503:boolean a(java.util.Map)
    508:512:void d(android.content.Context)
com.umeng.analytics.c:
    38:39:public void a(int)
    49:56:public void a(java.lang.String)
    59:62:public long b(java.lang.String)
    66:67:public void a(java.lang.String,java.util.HashMap)
    70:73:public java.util.HashMap c(java.lang.String)
    78:79:public synchronized void a(java.lang.String,java.lang.String,java.lang.String,long,int)
    82:83:public synchronized void a(java.lang.String,java.lang.String,java.util.HashMap,long)
com.umeng.analytics.d:
    82:83:public void e(android.content.Context)
    459:461:public void a(int,long)
com.umeng.analytics.f:
    public static final java.lang.String a
    public static final java.lang.String b
    public static final java.lang.String c
    static final int e
    static final int f
    static final java.lang.String n
    static final java.lang.String o
    public static final java.lang.String q
    static final java.lang.String u
    static final java.lang.String v
    static final java.lang.String w
    static final java.lang.String x
    static final java.lang.String y
    static final java.lang.String z
    public static final java.lang.String A
    public static final java.lang.String B
    public static final java.lang.String C
    public static final java.lang.String D
    public static final java.lang.String E
    public static final java.lang.String F
    public static final java.lang.String G
    public static final java.lang.String H
    8:8:public f()